***LEXER STARTED***
Getting next Token 
Switch --> i
	Token to be returned : 
Keyword int
Getting next Token 
Switch -->  
Getting next Token 
Switch --> a
	Token to be returned : 
Identifier a
Getting next Token 
Switch --> ,
	Token to be returned : 
Operator ,
Getting next Token 
Switch --> b
ID/kw starting with x (ruled out binary number) 
	Token to be returned : 
Identifier b
Getting next Token 
Switch -->  
Getting next Token 
Switch --> ;
In Symbol case with ;
token symbol: ;
	Token to be returned : 
Symbol ;
Getting next Token 
EOF case 
***LEXER ENDED***


Summary: Token count is 5
Keyword int
Identifier a
Operator ,
Identifier b
Symbol ;
